[2025-01-21 21:29:59][INFORMATION] Loading resources...
[2025-01-21 21:29:59][FEIN] Loading resources from: C:\Users\Niklas\Documents\MC server\shloppat\world\datapacks\bukkit ...
[2025-01-21 21:29:59][FEIN] Loading resources from: bluemap\resourceExtensions.zip ...
[2025-01-21 21:29:59][FEIN] Loading resources from: bluemap\minecraft-client-1.20.3.jar ...
[2025-01-21 21:30:00][INFORMATION] Loading textures...
[2025-01-21 21:30:00][FEIN] Loading textures from: C:\Users\Niklas\Documents\MC server\shloppat\world\datapacks\bukkit ...
[2025-01-21 21:30:00][FEIN] Loading textures from: bluemap\resourceExtensions.zip ...
[2025-01-21 21:30:00][FEIN] Loading textures from: bluemap\minecraft-client-1.20.3.jar ...
[2025-01-21 21:30:02][INFORMATION] Baking resources...
[2025-01-21 21:30:02][INFORMATION] Resources loaded.
[2025-01-21 21:30:02][FEIN] Loading world id for 'C:\Users\Niklas\Documents\MC server\shloppat\world'...
[2025-01-21 21:30:02][INFORMATION] Loading world 'b701cb03-9aaa-4e61-b721-425144b35dc8' (C:\Users\Niklas\Documents\MC server\shloppat\world)...
[2025-01-21 21:30:02][INFORMATION] Initializing Storage: 'file' (Type: FILE)
[2025-01-21 21:30:02][INFORMATION] Loading map 'Survival overworld'...
[2025-01-21 21:30:02][FEIN] Loading world id for 'C:\Users\Niklas\Documents\MC server\shloppat\world_the_end\DIM1'...
[2025-01-21 21:30:02][INFORMATION] Loading world 'a785135a-3dda-4552-a192-5c9e4a4b86e9' (C:\Users\Niklas\Documents\MC server\shloppat\world_the_end\DIM1)...
[2025-01-21 21:30:02][INFORMATION] Loading map 'Survival End'...
[2025-01-21 21:30:02][FEIN] Loading world id for 'C:\Users\Niklas\Documents\MC server\shloppat\Lobby'...
[2025-01-21 21:30:02][INFORMATION] Loading world 'dfd05576-1755-4dbb-bafc-13d65b84ea3b' (C:\Users\Niklas\Documents\MC server\shloppat\Lobby)...
[2025-01-21 21:30:02][INFORMATION] Loading map 'Lobby'...
[2025-01-21 21:30:02][FEIN] Loading world id for 'C:\Users\Niklas\Documents\MC server\shloppat\world_nether\DIM-1'...
[2025-01-21 21:30:02][INFORMATION] Loading world 'b74cbd5d-5996-4d29-9db8-b19e51def239' (C:\Users\Niklas\Documents\MC server\shloppat\world_nether\DIM-1)...
[2025-01-21 21:30:02][INFORMATION] Loading map 'Survival Nether'...
[2025-01-21 21:30:02][FEIN] Loading world id for 'C:\Users\Niklas\Documents\MC server\shloppat\Pit'...
[2025-01-21 21:30:02][INFORMATION] Loading world 'fc99b05d-fb9f-45c6-b65f-1372e5c82c81' (C:\Users\Niklas\Documents\MC server\shloppat\Pit)...
[2025-01-21 21:30:02][INFORMATION] Loading map 'Pit'...
[2025-01-21 21:30:02][INFORMATION] WebServer bound to all network interfaces on port 8100
[2025-01-21 21:30:02][INFORMATION] WebServer started.
[2025-01-21 21:30:03][INFORMATION] Loaded!
[2025-01-21 21:30:13][FEIN] Loading world id for 'C:\Users\Niklas\Documents\MC server\shloppat\Arcade'...
[2025-01-21 21:35:03][INFORMATION] Stopping...
